============================================================
NFT Tracer Backend
============================================================
BCC Available: True
Output Directory: /home/sean/Downloads/nft-tracer-app/output
BPF Program: /home/sean/Downloads/nft-tracer-app/backend/nft_tracer.bpf.c
============================================================
 * Serving Flask app 'app'
 * Debug mode: on
WARNING: This is a development server. Do not use it in a production deployment. Use a production WSGI server instead.
 * Running on all addresses (0.0.0.0)
 * Running on http://127.0.0.1:5000
 * Running on http://192.168.1.8:5000
Press CTRL+C to quit
 * Restarting with stat
============================================================
NFT Tracer Backend
============================================================
BCC Available: True
Output Directory: /home/sean/Downloads/nft-tracer-app/output
BPF Program: /home/sean/Downloads/nft-tracer-app/backend/nft_tracer.bpf.c
============================================================
 * Debugger is active!
 * Debugger PIN: 940-705-213
